Starting ProductServiceImplTest on DESKTOP-3FTN8A9 with PID 3276 (started by w1586 in C:\Users\w1586\IdeaProjects\sell)
No active profile set, falling back to default profiles: default
No MyBatis mapper was found in '[com.imooc.sell]' package. Please check your configuration.
Bootstrapping Spring Data JPA repositories in DEFAULT mode.
Finished Spring Data repository scanning in 123ms. Found 4 JPA repository interfaces.
Bean 'org.springframework.transaction.annotation.ProxyTransactionManagementConfiguration' of type [org.springframework.transaction.annotation.ProxyTransactionManagementConfiguration] is not eligible for getting processed by all BeanPostProcessors (for example: not eligible for auto-proxying)
HikariPool-1 - Starting...
HikariPool-1 - Start completed.
HHH000204: Processing PersistenceUnitInfo [name: default]
HHH000412: Hibernate Core {5.4.10.Final}
HCANN000001: Hibernate Commons Annotations {5.1.0.Final}
HHH000400: Using dialect: org.hibernate.dialect.MySQL57Dialect
HHH000490: Using JtaPlatform implementation: [org.hibernate.engine.transaction.jta.platform.internal.NoJtaPlatform]
Initialized JPA EntityManagerFactory for persistence unit 'default'
spring.jpa.open-in-view is enabled by default. Therefore, database queries may be performed during view rendering. Explicitly configure spring.jpa.open-in-view to disable this warning
Initializing ExecutorService 'applicationTaskExecutor'
Started ProductServiceImplTest in 13.065 seconds (JVM running for 16.785)
Shutting down ExecutorService 'applicationTaskExecutor'
Closing JPA EntityManagerFactory for persistence unit 'default'
HikariPool-1 - Shutdown initiated...
HikariPool-1 - Shutdown completed.
Starting OrderServiceImplTest on DESKTOP-3FTN8A9 with PID 20640 (started by w1586 in C:\Users\w1586\IdeaProjects\sell)
No active profile set, falling back to default profiles: default
No MyBatis mapper was found in '[com.imooc.sell]' package. Please check your configuration.
Bootstrapping Spring Data JPA repositories in DEFAULT mode.
Finished Spring Data repository scanning in 178ms. Found 4 JPA repository interfaces.
Bean 'org.springframework.transaction.annotation.ProxyTransactionManagementConfiguration' of type [org.springframework.transaction.annotation.ProxyTransactionManagementConfiguration] is not eligible for getting processed by all BeanPostProcessors (for example: not eligible for auto-proxying)
HikariPool-1 - Starting...
HikariPool-1 - Start completed.
HHH000204: Processing PersistenceUnitInfo [name: default]
HHH000412: Hibernate Core {5.4.10.Final}
HCANN000001: Hibernate Commons Annotations {5.1.0.Final}
HHH000400: Using dialect: org.hibernate.dialect.MySQL57Dialect
HHH000490: Using JtaPlatform implementation: [org.hibernate.engine.transaction.jta.platform.internal.NoJtaPlatform]
Initialized JPA EntityManagerFactory for persistence unit 'default'
spring.jpa.open-in-view is enabled by default. Therefore, database queries may be performed during view rendering. Explicitly configure spring.jpa.open-in-view to disable this warning
Initializing ExecutorService 'applicationTaskExecutor'
Started OrderServiceImplTest in 8.692 seconds (JVM running for 10.222)
Shutting down ExecutorService 'applicationTaskExecutor'
Closing JPA EntityManagerFactory for persistence unit 'default'
HikariPool-1 - Shutdown initiated...
HikariPool-1 - Shutdown completed.
Starting OrderServiceImplTest on DESKTOP-3FTN8A9 with PID 9212 (started by w1586 in C:\Users\w1586\IdeaProjects\sell)
No active profile set, falling back to default profiles: default
No MyBatis mapper was found in '[com.imooc.sell]' package. Please check your configuration.
Bootstrapping Spring Data JPA repositories in DEFAULT mode.
Finished Spring Data repository scanning in 107ms. Found 4 JPA repository interfaces.
Bean 'org.springframework.transaction.annotation.ProxyTransactionManagementConfiguration' of type [org.springframework.transaction.annotation.ProxyTransactionManagementConfiguration] is not eligible for getting processed by all BeanPostProcessors (for example: not eligible for auto-proxying)
HikariPool-1 - Starting...
HikariPool-1 - Start completed.
HHH000204: Processing PersistenceUnitInfo [name: default]
HHH000412: Hibernate Core {5.4.10.Final}
HCANN000001: Hibernate Commons Annotations {5.1.0.Final}
HHH000400: Using dialect: org.hibernate.dialect.MySQL57Dialect
HHH000490: Using JtaPlatform implementation: [org.hibernate.engine.transaction.jta.platform.internal.NoJtaPlatform]
Initialized JPA EntityManagerFactory for persistence unit 'default'
spring.jpa.open-in-view is enabled by default. Therefore, database queries may be performed during view rendering. Explicitly configure spring.jpa.open-in-view to disable this warning
Initializing ExecutorService 'applicationTaskExecutor'
Started OrderServiceImplTest in 8.708 seconds (JVM running for 10.806)
HikariPool-1 - Thread starvation or clock leap detected (housekeeper delta=2m36s345ms36µs500ns).
Shutting down ExecutorService 'applicationTaskExecutor'
Closing JPA EntityManagerFactory for persistence unit 'default'
HikariPool-1 - Shutdown initiated...
HikariPool-1 - Shutdown completed.
Starting OrderServiceImplTest on DESKTOP-3FTN8A9 with PID 24552 (started by w1586 in C:\Users\w1586\IdeaProjects\sell)
No active profile set, falling back to default profiles: default
No MyBatis mapper was found in '[com.imooc.sell]' package. Please check your configuration.
Bootstrapping Spring Data JPA repositories in DEFAULT mode.
Finished Spring Data repository scanning in 149ms. Found 4 JPA repository interfaces.
Bean 'org.springframework.transaction.annotation.ProxyTransactionManagementConfiguration' of type [org.springframework.transaction.annotation.ProxyTransactionManagementConfiguration] is not eligible for getting processed by all BeanPostProcessors (for example: not eligible for auto-proxying)
HikariPool-1 - Starting...
HikariPool-1 - Start completed.
HHH000204: Processing PersistenceUnitInfo [name: default]
HHH000412: Hibernate Core {5.4.10.Final}
HCANN000001: Hibernate Commons Annotations {5.1.0.Final}
Starting OrderServiceImplTest on DESKTOP-3FTN8A9 with PID 19764 (started by w1586 in C:\Users\w1586\IdeaProjects\sell)
No active profile set, falling back to default profiles: default
HHH000400: Using dialect: org.hibernate.dialect.MySQL57Dialect
No MyBatis mapper was found in '[com.imooc.sell]' package. Please check your configuration.
Bootstrapping Spring Data JPA repositories in DEFAULT mode.
Finished Spring Data repository scanning in 216ms. Found 4 JPA repository interfaces.
Bean 'org.springframework.transaction.annotation.ProxyTransactionManagementConfiguration' of type [org.springframework.transaction.annotation.ProxyTransactionManagementConfiguration] is not eligible for getting processed by all BeanPostProcessors (for example: not eligible for auto-proxying)
HikariPool-1 - Starting...
HikariPool-1 - Start completed.
HHH000204: Processing PersistenceUnitInfo [name: default]
HHH000412: Hibernate Core {5.4.10.Final}
HCANN000001: Hibernate Commons Annotations {5.1.0.Final}
HHH000400: Using dialect: org.hibernate.dialect.MySQL57Dialect
HHH000490: Using JtaPlatform implementation: [org.hibernate.engine.transaction.jta.platform.internal.NoJtaPlatform]
Initialized JPA EntityManagerFactory for persistence unit 'default'
spring.jpa.open-in-view is enabled by default. Therefore, database queries may be performed during view rendering. Explicitly configure spring.jpa.open-in-view to disable this warning
Initializing ExecutorService 'applicationTaskExecutor'
Started OrderServiceImplTest in 12.387 seconds (JVM running for 14.843)
Shutting down ExecutorService 'applicationTaskExecutor'
Closing JPA EntityManagerFactory for persistence unit 'default'
HikariPool-1 - Shutdown initiated...
HikariPool-1 - Shutdown completed.
Starting OrderServiceImplTest on DESKTOP-3FTN8A9 with PID 22648 (started by w1586 in C:\Users\w1586\IdeaProjects\sell)
No active profile set, falling back to default profiles: default
No MyBatis mapper was found in '[com.imooc.sell]' package. Please check your configuration.
Bootstrapping Spring Data JPA repositories in DEFAULT mode.
Finished Spring Data repository scanning in 115ms. Found 4 JPA repository interfaces.
Bean 'org.springframework.transaction.annotation.ProxyTransactionManagementConfiguration' of type [org.springframework.transaction.annotation.ProxyTransactionManagementConfiguration] is not eligible for getting processed by all BeanPostProcessors (for example: not eligible for auto-proxying)
HikariPool-1 - Starting...
HikariPool-1 - Start completed.
HHH000204: Processing PersistenceUnitInfo [name: default]
HHH000412: Hibernate Core {5.4.10.Final}
HCANN000001: Hibernate Commons Annotations {5.1.0.Final}
HHH000400: Using dialect: org.hibernate.dialect.MySQL57Dialect
HHH000490: Using JtaPlatform implementation: [org.hibernate.engine.transaction.jta.platform.internal.NoJtaPlatform]
Initialized JPA EntityManagerFactory for persistence unit 'default'
spring.jpa.open-in-view is enabled by default. Therefore, database queries may be performed during view rendering. Explicitly configure spring.jpa.open-in-view to disable this warning
Initializing ExecutorService 'applicationTaskExecutor'
Started OrderServiceImplTest in 7.418 seconds (JVM running for 8.999)
Shutting down ExecutorService 'applicationTaskExecutor'
Closing JPA EntityManagerFactory for persistence unit 'default'
HikariPool-1 - Shutdown initiated...
HikariPool-1 - Shutdown completed.
Starting OrderServiceImplTest on DESKTOP-3FTN8A9 with PID 24188 (started by w1586 in C:\Users\w1586\IdeaProjects\sell)
No active profile set, falling back to default profiles: default
No MyBatis mapper was found in '[com.imooc.sell]' package. Please check your configuration.
Bootstrapping Spring Data JPA repositories in DEFAULT mode.
Finished Spring Data repository scanning in 114ms. Found 4 JPA repository interfaces.
Bean 'org.springframework.transaction.annotation.ProxyTransactionManagementConfiguration' of type [org.springframework.transaction.annotation.ProxyTransactionManagementConfiguration] is not eligible for getting processed by all BeanPostProcessors (for example: not eligible for auto-proxying)
HikariPool-1 - Starting...
HikariPool-1 - Start completed.
HHH000204: Processing PersistenceUnitInfo [name: default]
HHH000412: Hibernate Core {5.4.10.Final}
HCANN000001: Hibernate Commons Annotations {5.1.0.Final}
HHH000400: Using dialect: org.hibernate.dialect.MySQL57Dialect
HHH000490: Using JtaPlatform implementation: [org.hibernate.engine.transaction.jta.platform.internal.NoJtaPlatform]
Initialized JPA EntityManagerFactory for persistence unit 'default'
spring.jpa.open-in-view is enabled by default. Therefore, database queries may be performed during view rendering. Explicitly configure spring.jpa.open-in-view to disable this warning
Initializing ExecutorService 'applicationTaskExecutor'
Started OrderServiceImplTest in 12.475 seconds (JVM running for 14.262)
HikariPool-1 - Thread starvation or clock leap detected (housekeeper delta=2m9s410ms572µs400ns).
Shutting down ExecutorService 'applicationTaskExecutor'
Closing JPA EntityManagerFactory for persistence unit 'default'
HikariPool-1 - Shutdown initiated...
HikariPool-1 - Shutdown completed.
Starting OrderServiceImplTest on DESKTOP-3FTN8A9 with PID 25244 (started by w1586 in C:\Users\w1586\IdeaProjects\sell)
No active profile set, falling back to default profiles: default
No MyBatis mapper was found in '[com.imooc.sell]' package. Please check your configuration.
Bootstrapping Spring Data JPA repositories in DEFAULT mode.
Finished Spring Data repository scanning in 282ms. Found 4 JPA repository interfaces.
Bean 'org.springframework.transaction.annotation.ProxyTransactionManagementConfiguration' of type [org.springframework.transaction.annotation.ProxyTransactionManagementConfiguration] is not eligible for getting processed by all BeanPostProcessors (for example: not eligible for auto-proxying)
HikariPool-1 - Starting...
HikariPool-1 - Start completed.
HHH000204: Processing PersistenceUnitInfo [name: default]
HHH000412: Hibernate Core {5.4.10.Final}
HCANN000001: Hibernate Commons Annotations {5.1.0.Final}
HHH000400: Using dialect: org.hibernate.dialect.MySQL57Dialect
HHH000490: Using JtaPlatform implementation: [org.hibernate.engine.transaction.jta.platform.internal.NoJtaPlatform]
Initialized JPA EntityManagerFactory for persistence unit 'default'
spring.jpa.open-in-view is enabled by default. Therefore, database queries may be performed during view rendering. Explicitly configure spring.jpa.open-in-view to disable this warning
Initializing ExecutorService 'applicationTaskExecutor'
Started OrderServiceImplTest in 11.019 seconds (JVM running for 12.661)
SQL Error: 1048, SQLState: 23000
Shutting down ExecutorService 'applicationTaskExecutor'
Closing JPA EntityManagerFactory for persistence unit 'default'
HikariPool-1 - Shutdown initiated...
HikariPool-1 - Shutdown completed.
Starting OrderServiceImplTest on DESKTOP-3FTN8A9 with PID 15628 (started by w1586 in C:\Users\w1586\IdeaProjects\sell)
No active profile set, falling back to default profiles: default
No MyBatis mapper was found in '[com.imooc.sell]' package. Please check your configuration.
Bootstrapping Spring Data JPA repositories in DEFAULT mode.
Finished Spring Data repository scanning in 119ms. Found 4 JPA repository interfaces.
Bean 'org.springframework.transaction.annotation.ProxyTransactionManagementConfiguration' of type [org.springframework.transaction.annotation.ProxyTransactionManagementConfiguration] is not eligible for getting processed by all BeanPostProcessors (for example: not eligible for auto-proxying)
HikariPool-1 - Starting...
HikariPool-1 - Start completed.
HHH000204: Processing PersistenceUnitInfo [name: default]
HHH000412: Hibernate Core {5.4.10.Final}
HCANN000001: Hibernate Commons Annotations {5.1.0.Final}
HHH000400: Using dialect: org.hibernate.dialect.MySQL57Dialect
HHH000490: Using JtaPlatform implementation: [org.hibernate.engine.transaction.jta.platform.internal.NoJtaPlatform]
Initialized JPA EntityManagerFactory for persistence unit 'default'
spring.jpa.open-in-view is enabled by default. Therefore, database queries may be performed during view rendering. Explicitly configure spring.jpa.open-in-view to disable this warning
Initializing ExecutorService 'applicationTaskExecutor'
Started OrderServiceImplTest in 7.764 seconds (JVM running for 9.196)
SQL Error: 1048, SQLState: 23000
Shutting down ExecutorService 'applicationTaskExecutor'
Closing JPA EntityManagerFactory for persistence unit 'default'
HikariPool-1 - Shutdown initiated...
HikariPool-1 - Shutdown completed.
Starting OrderServiceImplTest on DESKTOP-3FTN8A9 with PID 19756 (started by w1586 in C:\Users\w1586\IdeaProjects\sell)
No active profile set, falling back to default profiles: default
No MyBatis mapper was found in '[com.imooc.sell]' package. Please check your configuration.
Bootstrapping Spring Data JPA repositories in DEFAULT mode.
Finished Spring Data repository scanning in 147ms. Found 4 JPA repository interfaces.
Bean 'org.springframework.transaction.annotation.ProxyTransactionManagementConfiguration' of type [org.springframework.transaction.annotation.ProxyTransactionManagementConfiguration] is not eligible for getting processed by all BeanPostProcessors (for example: not eligible for auto-proxying)
HikariPool-1 - Starting...
HikariPool-1 - Start completed.
HHH000204: Processing PersistenceUnitInfo [name: default]
HHH000412: Hibernate Core {5.4.10.Final}
HCANN000001: Hibernate Commons Annotations {5.1.0.Final}
HHH000400: Using dialect: org.hibernate.dialect.MySQL57Dialect
HHH000490: Using JtaPlatform implementation: [org.hibernate.engine.transaction.jta.platform.internal.NoJtaPlatform]
Initialized JPA EntityManagerFactory for persistence unit 'default'
spring.jpa.open-in-view is enabled by default. Therefore, database queries may be performed during view rendering. Explicitly configure spring.jpa.open-in-view to disable this warning
Initializing ExecutorService 'applicationTaskExecutor'
Started OrderServiceImplTest in 8.101 seconds (JVM running for 9.529)
[创建订单] result=OrderDTO(orderId=null, buyerName=包玉刚, buyerPhone=13123868930, buyerAddress=宁波大学, buyerOpenid=110110, orderAmount=null, orderStatus=null, payStatus=null, createTime=null, updateTime=null, orderDetailList=[OrderDetail(detailId=1581794910594797445, orderId=1581794910132800944, productId=123456, productName=皮蛋粥, productPrice=3.20, productQuantity=2, productIcon=https://avatars1.githubusercontent.com/u/40201433?v=4)])
Shutting down ExecutorService 'applicationTaskExecutor'
Closing JPA EntityManagerFactory for persistence unit 'default'
HikariPool-1 - Shutdown initiated...
HikariPool-1 - Shutdown completed.
Starting OrderServiceImplTest on DESKTOP-3FTN8A9 with PID 23184 (started by w1586 in C:\Users\w1586\IdeaProjects\sell)
No active profile set, falling back to default profiles: default
No MyBatis mapper was found in '[com.imooc.sell]' package. Please check your configuration.
Bootstrapping Spring Data JPA repositories in DEFAULT mode.
Finished Spring Data repository scanning in 167ms. Found 4 JPA repository interfaces.
Bean 'org.springframework.transaction.annotation.ProxyTransactionManagementConfiguration' of type [org.springframework.transaction.annotation.ProxyTransactionManagementConfiguration] is not eligible for getting processed by all BeanPostProcessors (for example: not eligible for auto-proxying)
HikariPool-1 - Starting...
HikariPool-1 - Start completed.
HHH000204: Processing PersistenceUnitInfo [name: default]
HHH000412: Hibernate Core {5.4.10.Final}
HCANN000001: Hibernate Commons Annotations {5.1.0.Final}
HHH000400: Using dialect: org.hibernate.dialect.MySQL57Dialect
HHH000490: Using JtaPlatform implementation: [org.hibernate.engine.transaction.jta.platform.internal.NoJtaPlatform]
Initialized JPA EntityManagerFactory for persistence unit 'default'
spring.jpa.open-in-view is enabled by default. Therefore, database queries may be performed during view rendering. Explicitly configure spring.jpa.open-in-view to disable this warning
Initializing ExecutorService 'applicationTaskExecutor'
Starting OrderServiceImplTest on DESKTOP-3FTN8A9 with PID 25260 (started by w1586 in C:\Users\w1586\IdeaProjects\sell)
No active profile set, falling back to default profiles: default
No MyBatis mapper was found in '[com.imooc.sell]' package. Please check your configuration.
Bootstrapping Spring Data JPA repositories in DEFAULT mode.
Finished Spring Data repository scanning in 147ms. Found 4 JPA repository interfaces.
Bean 'org.springframework.transaction.annotation.ProxyTransactionManagementConfiguration' of type [org.springframework.transaction.annotation.ProxyTransactionManagementConfiguration] is not eligible for getting processed by all BeanPostProcessors (for example: not eligible for auto-proxying)
HikariPool-1 - Starting...
HikariPool-1 - Start completed.
HHH000204: Processing PersistenceUnitInfo [name: default]
HHH000412: Hibernate Core {5.4.10.Final}
HCANN000001: Hibernate Commons Annotations {5.1.0.Final}
HHH000400: Using dialect: org.hibernate.dialect.MySQL57Dialect
HHH000490: Using JtaPlatform implementation: [org.hibernate.engine.transaction.jta.platform.internal.NoJtaPlatform]
Initialized JPA EntityManagerFactory for persistence unit 'default'
spring.jpa.open-in-view is enabled by default. Therefore, database queries may be performed during view rendering. Explicitly configure spring.jpa.open-in-view to disable this warning
Initializing ExecutorService 'applicationTaskExecutor'
Started OrderServiceImplTest in 8.605 seconds (JVM running for 10.179)
[创建订单] result=OrderDTO(orderId=null, buyerName=包玉刚, buyerPhone=13123868930, buyerAddress=宁波大学, buyerOpenid=110110, orderAmount=null, orderStatus=null, payStatus=null, createTime=null, updateTime=null, orderDetailList=[OrderDetail(detailId=1581795055556391983, orderId=1581795055132168840, productId=123456, productName=皮蛋粥, productPrice=3.20, productQuantity=2, productIcon=https://avatars1.githubusercontent.com/u/40201433?v=4), OrderDetail(detailId=1581795055594557589, orderId=1581795055132168840, productId=123457, productName=皮皮虾, productPrice=13.20, productQuantity=1, productIcon=https://avatars1.githubusercontent.com/u/40201433?v=4)])
Shutting down ExecutorService 'applicationTaskExecutor'
Closing JPA EntityManagerFactory for persistence unit 'default'
HikariPool-1 - Shutdown initiated...
HikariPool-1 - Shutdown completed.
Starting ProductServiceImplTest on DESKTOP-3FTN8A9 with PID 23328 (started by w1586 in C:\Users\w1586\IdeaProjects\sell)
No active profile set, falling back to default profiles: default
No MyBatis mapper was found in '[com.imooc.sell]' package. Please check your configuration.
Bootstrapping Spring Data JPA repositories in DEFAULT mode.
Finished Spring Data repository scanning in 133ms. Found 4 JPA repository interfaces.
Bean 'org.springframework.transaction.annotation.ProxyTransactionManagementConfiguration' of type [org.springframework.transaction.annotation.ProxyTransactionManagementConfiguration] is not eligible for getting processed by all BeanPostProcessors (for example: not eligible for auto-proxying)
HikariPool-1 - Starting...
HikariPool-1 - Start completed.
HHH000204: Processing PersistenceUnitInfo [name: default]
HHH000412: Hibernate Core {5.4.10.Final}
HCANN000001: Hibernate Commons Annotations {5.1.0.Final}
HHH000400: Using dialect: org.hibernate.dialect.MySQL57Dialect
HHH000490: Using JtaPlatform implementation: [org.hibernate.engine.transaction.jta.platform.internal.NoJtaPlatform]
Initialized JPA EntityManagerFactory for persistence unit 'default'
spring.jpa.open-in-view is enabled by default. Therefore, database queries may be performed during view rendering. Explicitly configure spring.jpa.open-in-view to disable this warning
Initializing ExecutorService 'applicationTaskExecutor'
Started ProductServiceImplTest in 8.096 seconds (JVM running for 9.674)
Shutting down ExecutorService 'applicationTaskExecutor'
Closing JPA EntityManagerFactory for persistence unit 'default'
HikariPool-1 - Shutdown initiated...
HikariPool-1 - Shutdown completed.
Starting ProductServiceImplTest on DESKTOP-3FTN8A9 with PID 23020 (started by w1586 in C:\Users\w1586\IdeaProjects\sell)
No active profile set, falling back to default profiles: default
No MyBatis mapper was found in '[com.imooc.sell]' package. Please check your configuration.
Bootstrapping Spring Data JPA repositories in DEFAULT mode.
Finished Spring Data repository scanning in 158ms. Found 4 JPA repository interfaces.
Bean 'org.springframework.transaction.annotation.ProxyTransactionManagementConfiguration' of type [org.springframework.transaction.annotation.ProxyTransactionManagementConfiguration] is not eligible for getting processed by all BeanPostProcessors (for example: not eligible for auto-proxying)
HikariPool-1 - Starting...
HikariPool-1 - Start completed.
HHH000204: Processing PersistenceUnitInfo [name: default]
HHH000412: Hibernate Core {5.4.10.Final}
HCANN000001: Hibernate Commons Annotations {5.1.0.Final}
HHH000400: Using dialect: org.hibernate.dialect.MySQL57Dialect
HHH000490: Using JtaPlatform implementation: [org.hibernate.engine.transaction.jta.platform.internal.NoJtaPlatform]
Initialized JPA EntityManagerFactory for persistence unit 'default'
spring.jpa.open-in-view is enabled by default. Therefore, database queries may be performed during view rendering. Explicitly configure spring.jpa.open-in-view to disable this warning
Initializing ExecutorService 'applicationTaskExecutor'
Started ProductServiceImplTest in 7.975 seconds (JVM running for 9.51)
Shutting down ExecutorService 'applicationTaskExecutor'
Closing JPA EntityManagerFactory for persistence unit 'default'
HikariPool-1 - Shutdown initiated...
HikariPool-1 - Shutdown completed.
Starting OrderServiceImplTest on DESKTOP-3FTN8A9 with PID 17556 (started by w1586 in C:\Users\w1586\IdeaProjects\sell)
No active profile set, falling back to default profiles: default
No MyBatis mapper was found in '[com.imooc.sell]' package. Please check your configuration.
Bootstrapping Spring Data JPA repositories in DEFAULT mode.
Finished Spring Data repository scanning in 96ms. Found 4 JPA repository interfaces.
Bean 'org.springframework.transaction.annotation.ProxyTransactionManagementConfiguration' of type [org.springframework.transaction.annotation.ProxyTransactionManagementConfiguration] is not eligible for getting processed by all BeanPostProcessors (for example: not eligible for auto-proxying)
HikariPool-1 - Starting...
HikariPool-1 - Start completed.
HHH000204: Processing PersistenceUnitInfo [name: default]
HHH000412: Hibernate Core {5.4.10.Final}
HCANN000001: Hibernate Commons Annotations {5.1.0.Final}
HHH000400: Using dialect: org.hibernate.dialect.MySQL57Dialect
HHH000490: Using JtaPlatform implementation: [org.hibernate.engine.transaction.jta.platform.internal.NoJtaPlatform]
Initialized JPA EntityManagerFactory for persistence unit 'default'
spring.jpa.open-in-view is enabled by default. Therefore, database queries may be performed during view rendering. Explicitly configure spring.jpa.open-in-view to disable this warning
Initializing ExecutorService 'applicationTaskExecutor'
Started OrderServiceImplTest in 8.856 seconds (JVM running for 10.569)
[查询单个订单] result=OrderDTO(orderId=1581795055132168840, buyerName=包玉刚, buyerPhone=13123868930, buyerAddress=宁波大学, buyerOpenid=110110, orderAmount=19.60, orderStatus=0, payStatus=0, createTime=2020-02-15 19:30:57.0, updateTime=2020-02-15 19:30:57.0, orderDetailList=[OrderDetail(detailId=1581795055556391983, orderId=1581795055132168840, productId=123456, productName=皮蛋粥, productPrice=3.20, productQuantity=2, productIcon=https://avatars1.githubusercontent.com/u/40201433?v=4), OrderDetail(detailId=1581795055594557589, orderId=1581795055132168840, productId=123457, productName=皮皮虾, productPrice=13.20, productQuantity=1, productIcon=https://avatars1.githubusercontent.com/u/40201433?v=4)])
Shutting down ExecutorService 'applicationTaskExecutor'
Closing JPA EntityManagerFactory for persistence unit 'default'
HikariPool-1 - Shutdown initiated...
HikariPool-1 - Shutdown completed.
Starting OrderServiceImplTest on DESKTOP-3FTN8A9 with PID 2748 (started by w1586 in C:\Users\w1586\IdeaProjects\sell)
No active profile set, falling back to default profiles: default
No MyBatis mapper was found in '[com.imooc.sell]' package. Please check your configuration.
Bootstrapping Spring Data JPA repositories in DEFAULT mode.
Finished Spring Data repository scanning in 155ms. Found 4 JPA repository interfaces.
Bean 'org.springframework.transaction.annotation.ProxyTransactionManagementConfiguration' of type [org.springframework.transaction.annotation.ProxyTransactionManagementConfiguration] is not eligible for getting processed by all BeanPostProcessors (for example: not eligible for auto-proxying)
HikariPool-1 - Starting...
HikariPool-1 - Start completed.
HHH000204: Processing PersistenceUnitInfo [name: default]
HHH000412: Hibernate Core {5.4.10.Final}
HCANN000001: Hibernate Commons Annotations {5.1.0.Final}
HHH000400: Using dialect: org.hibernate.dialect.MySQL57Dialect
HHH000490: Using JtaPlatform implementation: [org.hibernate.engine.transaction.jta.platform.internal.NoJtaPlatform]
Initialized JPA EntityManagerFactory for persistence unit 'default'
spring.jpa.open-in-view is enabled by default. Therefore, database queries may be performed during view rendering. Explicitly configure spring.jpa.open-in-view to disable this warning
Initializing ExecutorService 'applicationTaskExecutor'
Started OrderServiceImplTest in 8.172 seconds (JVM running for 9.629)
Shutting down ExecutorService 'applicationTaskExecutor'
Closing JPA EntityManagerFactory for persistence unit 'default'
HikariPool-1 - Shutdown initiated...
HikariPool-1 - Shutdown completed.
Starting OrderServiceImplTest on DESKTOP-3FTN8A9 with PID 5132 (started by w1586 in C:\Users\w1586\IdeaProjects\sell)
No active profile set, falling back to default profiles: default
No MyBatis mapper was found in '[com.imooc.sell]' package. Please check your configuration.
Bootstrapping Spring Data JPA repositories in DEFAULT mode.
Finished Spring Data repository scanning in 95ms. Found 4 JPA repository interfaces.
Bean 'org.springframework.transaction.annotation.ProxyTransactionManagementConfiguration' of type [org.springframework.transaction.annotation.ProxyTransactionManagementConfiguration] is not eligible for getting processed by all BeanPostProcessors (for example: not eligible for auto-proxying)
HikariPool-1 - Starting...
HikariPool-1 - Start completed.
HHH000204: Processing PersistenceUnitInfo [name: default]
HHH000412: Hibernate Core {5.4.10.Final}
HCANN000001: Hibernate Commons Annotations {5.1.0.Final}
HHH000400: Using dialect: org.hibernate.dialect.MySQL57Dialect
HHH000490: Using JtaPlatform implementation: [org.hibernate.engine.transaction.jta.platform.internal.NoJtaPlatform]
Initialized JPA EntityManagerFactory for persistence unit 'default'
spring.jpa.open-in-view is enabled by default. Therefore, database queries may be performed during view rendering. Explicitly configure spring.jpa.open-in-view to disable this warning
Initializing ExecutorService 'applicationTaskExecutor'
Started OrderServiceImplTest in 6.827 seconds (JVM running for 8.036)
Shutting down ExecutorService 'applicationTaskExecutor'
Closing JPA EntityManagerFactory for persistence unit 'default'
HikariPool-1 - Shutdown initiated...
HikariPool-1 - Shutdown completed.
Starting OrderServiceImplTest on DESKTOP-3FTN8A9 with PID 18048 (started by w1586 in C:\Users\w1586\IdeaProjects\sell)
No active profile set, falling back to default profiles: default
No MyBatis mapper was found in '[com.imooc.sell]' package. Please check your configuration.
Bootstrapping Spring Data JPA repositories in DEFAULT mode.
Finished Spring Data repository scanning in 187ms. Found 4 JPA repository interfaces.
Bean 'org.springframework.transaction.annotation.ProxyTransactionManagementConfiguration' of type [org.springframework.transaction.annotation.ProxyTransactionManagementConfiguration] is not eligible for getting processed by all BeanPostProcessors (for example: not eligible for auto-proxying)
HikariPool-1 - Starting...
HikariPool-1 - Start completed.
HHH000204: Processing PersistenceUnitInfo [name: default]
HHH000412: Hibernate Core {5.4.10.Final}
HCANN000001: Hibernate Commons Annotations {5.1.0.Final}
HHH000400: Using dialect: org.hibernate.dialect.MySQL57Dialect
HHH000490: Using JtaPlatform implementation: [org.hibernate.engine.transaction.jta.platform.internal.NoJtaPlatform]
Initialized JPA EntityManagerFactory for persistence unit 'default'
spring.jpa.open-in-view is enabled by default. Therefore, database queries may be performed during view rendering. Explicitly configure spring.jpa.open-in-view to disable this warning
Initializing ExecutorService 'applicationTaskExecutor'
Started OrderServiceImplTest in 11.576 seconds (JVM running for 14.666)
Shutting down ExecutorService 'applicationTaskExecutor'
Closing JPA EntityManagerFactory for persistence unit 'default'
HikariPool-1 - Shutdown initiated...
HikariPool-1 - Shutdown completed.
Starting OrderServiceImplTest on DESKTOP-3FTN8A9 with PID 18068 (started by w1586 in C:\Users\w1586\IdeaProjects\sell)
No active profile set, falling back to default profiles: default
No MyBatis mapper was found in '[com.imooc.sell]' package. Please check your configuration.
Bootstrapping Spring Data JPA repositories in DEFAULT mode.
Finished Spring Data repository scanning in 141ms. Found 4 JPA repository interfaces.
Bean 'org.springframework.transaction.annotation.ProxyTransactionManagementConfiguration' of type [org.springframework.transaction.annotation.ProxyTransactionManagementConfiguration] is not eligible for getting processed by all BeanPostProcessors (for example: not eligible for auto-proxying)
HikariPool-1 - Starting...
HikariPool-1 - Start completed.
HHH000204: Processing PersistenceUnitInfo [name: default]
HHH000412: Hibernate Core {5.4.10.Final}
HCANN000001: Hibernate Commons Annotations {5.1.0.Final}
HHH000400: Using dialect: org.hibernate.dialect.MySQL57Dialect
HHH000490: Using JtaPlatform implementation: [org.hibernate.engine.transaction.jta.platform.internal.NoJtaPlatform]
Initialized JPA EntityManagerFactory for persistence unit 'default'
spring.jpa.open-in-view is enabled by default. Therefore, database queries may be performed during view rendering. Explicitly configure spring.jpa.open-in-view to disable this warning
Initializing ExecutorService 'applicationTaskExecutor'
Started OrderServiceImplTest in 7.781 seconds (JVM running for 9.196)
Shutting down ExecutorService 'applicationTaskExecutor'
Closing JPA EntityManagerFactory for persistence unit 'default'
HikariPool-1 - Shutdown initiated...
HikariPool-1 - Shutdown completed.
Starting OrderServiceImplTest on DESKTOP-3FTN8A9 with PID 18704 (started by w1586 in C:\Users\w1586\IdeaProjects\sell)
No active profile set, falling back to default profiles: default
No MyBatis mapper was found in '[com.imooc.sell]' package. Please check your configuration.
Bootstrapping Spring Data JPA repositories in DEFAULT mode.
Finished Spring Data repository scanning in 183ms. Found 4 JPA repository interfaces.
Bean 'org.springframework.transaction.annotation.ProxyTransactionManagementConfiguration' of type [org.springframework.transaction.annotation.ProxyTransactionManagementConfiguration] is not eligible for getting processed by all BeanPostProcessors (for example: not eligible for auto-proxying)
HikariPool-1 - Starting...
HikariPool-1 - Start completed.
HHH000204: Processing PersistenceUnitInfo [name: default]
HHH000412: Hibernate Core {5.4.10.Final}
HCANN000001: Hibernate Commons Annotations {5.1.0.Final}
HHH000400: Using dialect: org.hibernate.dialect.MySQL57Dialect
HHH000490: Using JtaPlatform implementation: [org.hibernate.engine.transaction.jta.platform.internal.NoJtaPlatform]
Initialized JPA EntityManagerFactory for persistence unit 'default'
spring.jpa.open-in-view is enabled by default. Therefore, database queries may be performed during view rendering. Explicitly configure spring.jpa.open-in-view to disable this warning
Initializing ExecutorService 'applicationTaskExecutor'
Started OrderServiceImplTest in 8.627 seconds (JVM running for 10.022)
Shutting down ExecutorService 'applicationTaskExecutor'
Closing JPA EntityManagerFactory for persistence unit 'default'
HikariPool-1 - Shutdown initiated...
HikariPool-1 - Shutdown completed.
Starting OrderServiceImplTest on DESKTOP-3FTN8A9 with PID 15260 (started by w1586 in C:\Users\w1586\IdeaProjects\sell)
No active profile set, falling back to default profiles: default
No MyBatis mapper was found in '[com.imooc.sell]' package. Please check your configuration.
Bootstrapping Spring Data JPA repositories in DEFAULT mode.
Finished Spring Data repository scanning in 197ms. Found 4 JPA repository interfaces.
Bean 'org.springframework.transaction.annotation.ProxyTransactionManagementConfiguration' of type [org.springframework.transaction.annotation.ProxyTransactionManagementConfiguration] is not eligible for getting processed by all BeanPostProcessors (for example: not eligible for auto-proxying)
HikariPool-1 - Starting...
HikariPool-1 - Start completed.
HHH000204: Processing PersistenceUnitInfo [name: default]
HHH000412: Hibernate Core {5.4.10.Final}
HCANN000001: Hibernate Commons Annotations {5.1.0.Final}
HHH000400: Using dialect: org.hibernate.dialect.MySQL57Dialect
HHH000490: Using JtaPlatform implementation: [org.hibernate.engine.transaction.jta.platform.internal.NoJtaPlatform]
Initialized JPA EntityManagerFactory for persistence unit 'default'
spring.jpa.open-in-view is enabled by default. Therefore, database queries may be performed during view rendering. Explicitly configure spring.jpa.open-in-view to disable this warning
Initializing ExecutorService 'applicationTaskExecutor'
Started OrderServiceImplTest in 12.792 seconds (JVM running for 14.736)
HikariPool-1 - Thread starvation or clock leap detected (housekeeper delta=1m31s105ms214µs).
HikariPool-1 - Thread starvation or clock leap detected (housekeeper delta=1m41s14ms505µs).
Shutting down ExecutorService 'applicationTaskExecutor'
Closing JPA EntityManagerFactory for persistence unit 'default'
HikariPool-1 - Shutdown initiated...
HikariPool-1 - Shutdown completed.
Starting OrderServiceImplTest on DESKTOP-3FTN8A9 with PID 18696 (started by w1586 in C:\Users\w1586\IdeaProjects\sell)
No active profile set, falling back to default profiles: default
No MyBatis mapper was found in '[com.imooc.sell]' package. Please check your configuration.
Bootstrapping Spring Data JPA repositories in DEFAULT mode.
Finished Spring Data repository scanning in 164ms. Found 4 JPA repository interfaces.
Bean 'org.springframework.transaction.annotation.ProxyTransactionManagementConfiguration' of type [org.springframework.transaction.annotation.ProxyTransactionManagementConfiguration] is not eligible for getting processed by all BeanPostProcessors (for example: not eligible for auto-proxying)
HikariPool-1 - Starting...
HikariPool-1 - Start completed.
HHH000204: Processing PersistenceUnitInfo [name: default]
HHH000412: Hibernate Core {5.4.10.Final}
HCANN000001: Hibernate Commons Annotations {5.1.0.Final}
HHH000400: Using dialect: org.hibernate.dialect.MySQL57Dialect
HHH000490: Using JtaPlatform implementation: [org.hibernate.engine.transaction.jta.platform.internal.NoJtaPlatform]
Initialized JPA EntityManagerFactory for persistence unit 'default'
spring.jpa.open-in-view is enabled by default. Therefore, database queries may be performed during view rendering. Explicitly configure spring.jpa.open-in-view to disable this warning
Initializing ExecutorService 'applicationTaskExecutor'
Started OrderServiceImplTest in 10.637 seconds (JVM running for 12.754)
Shutting down ExecutorService 'applicationTaskExecutor'
Closing JPA EntityManagerFactory for persistence unit 'default'
HikariPool-1 - Shutdown initiated...
HikariPool-1 - Shutdown completed.
Starting OrderServiceImplTest on DESKTOP-3FTN8A9 with PID 2800 (started by w1586 in C:\Users\w1586\IdeaProjects\sell)
No active profile set, falling back to default profiles: default
No MyBatis mapper was found in '[com.imooc.sell]' package. Please check your configuration.
Bootstrapping Spring Data JPA repositories in DEFAULT mode.
Finished Spring Data repository scanning in 142ms. Found 4 JPA repository interfaces.
Bean 'org.springframework.transaction.annotation.ProxyTransactionManagementConfiguration' of type [org.springframework.transaction.annotation.ProxyTransactionManagementConfiguration] is not eligible for getting processed by all BeanPostProcessors (for example: not eligible for auto-proxying)
HikariPool-1 - Starting...
HikariPool-1 - Start completed.
HHH000204: Processing PersistenceUnitInfo [name: default]
HHH000412: Hibernate Core {5.4.10.Final}
HCANN000001: Hibernate Commons Annotations {5.1.0.Final}
HHH000400: Using dialect: org.hibernate.dialect.MySQL57Dialect
HHH000490: Using JtaPlatform implementation: [org.hibernate.engine.transaction.jta.platform.internal.NoJtaPlatform]
Initialized JPA EntityManagerFactory for persistence unit 'default'
spring.jpa.open-in-view is enabled by default. Therefore, database queries may be performed during view rendering. Explicitly configure spring.jpa.open-in-view to disable this warning
Initializing ExecutorService 'applicationTaskExecutor'
Started OrderServiceImplTest in 8.381 seconds (JVM running for 10.099)
Shutting down ExecutorService 'applicationTaskExecutor'
Closing JPA EntityManagerFactory for persistence unit 'default'
HikariPool-1 - Shutdown initiated...
HikariPool-1 - Shutdown completed.
Starting OrderServiceImplTest on DESKTOP-3FTN8A9 with PID 14404 (started by w1586 in C:\Users\w1586\IdeaProjects\sell)
No active profile set, falling back to default profiles: default
No MyBatis mapper was found in '[com.imooc.sell]' package. Please check your configuration.
Bootstrapping Spring Data JPA repositories in DEFAULT mode.
Finished Spring Data repository scanning in 139ms. Found 4 JPA repository interfaces.
Bean 'org.springframework.transaction.annotation.ProxyTransactionManagementConfiguration' of type [org.springframework.transaction.annotation.ProxyTransactionManagementConfiguration] is not eligible for getting processed by all BeanPostProcessors (for example: not eligible for auto-proxying)
HikariPool-1 - Starting...
HikariPool-1 - Start completed.
HHH000204: Processing PersistenceUnitInfo [name: default]
HHH000412: Hibernate Core {5.4.10.Final}
HCANN000001: Hibernate Commons Annotations {5.1.0.Final}
HHH000400: Using dialect: org.hibernate.dialect.MySQL57Dialect
HHH000490: Using JtaPlatform implementation: [org.hibernate.engine.transaction.jta.platform.internal.NoJtaPlatform]
Initialized JPA EntityManagerFactory for persistence unit 'default'
spring.jpa.open-in-view is enabled by default. Therefore, database queries may be performed during view rendering. Explicitly configure spring.jpa.open-in-view to disable this warning
Initializing ExecutorService 'applicationTaskExecutor'
Started OrderServiceImplTest in 8.155 seconds (JVM running for 9.664)
Shutting down ExecutorService 'applicationTaskExecutor'
Closing JPA EntityManagerFactory for persistence unit 'default'
HikariPool-1 - Shutdown initiated...
HikariPool-1 - Shutdown completed.
Starting SellApplication on DESKTOP-3FTN8A9 with PID 5616 (C:\Users\w1586\IdeaProjects\sell\target\classes started by w1586 in C:\Users\w1586\IdeaProjects\sell)
No active profile set, falling back to default profiles: default
No MyBatis mapper was found in '[com.imooc.sell]' package. Please check your configuration.
Bootstrapping Spring Data JPA repositories in DEFAULT mode.
Finished Spring Data repository scanning in 77ms. Found 4 JPA repository interfaces.
Bean 'org.springframework.transaction.annotation.ProxyTransactionManagementConfiguration' of type [org.springframework.transaction.annotation.ProxyTransactionManagementConfiguration] is not eligible for getting processed by all BeanPostProcessors (for example: not eligible for auto-proxying)
Tomcat initialized with port(s): 8889 (http)
Initializing ProtocolHandler ["http-nio-8889"]
Starting service [Tomcat]
Starting Servlet engine: [Apache Tomcat/9.0.30]
Loaded APR based Apache Tomcat Native library [1.2.23] using APR version [1.7.0].
APR capabilities: IPv6 [true], sendfile [true], accept filters [false], random [true].
APR/OpenSSL configuration: useAprConnector [false], useOpenSSL [true]
OpenSSL successfully initialized [OpenSSL 1.1.1c  28 May 2019]
Initializing Spring embedded WebApplicationContext
Root WebApplicationContext: initialization completed in 1658 ms
HikariPool-1 - Starting...
HikariPool-1 - Start completed.
HHH000204: Processing PersistenceUnitInfo [name: default]
HHH000412: Hibernate Core {5.4.10.Final}
HCANN000001: Hibernate Commons Annotations {5.1.0.Final}
HHH000400: Using dialect: org.hibernate.dialect.MySQL57Dialect
HHH000490: Using JtaPlatform implementation: [org.hibernate.engine.transaction.jta.platform.internal.NoJtaPlatform]
Initialized JPA EntityManagerFactory for persistence unit 'default'
spring.jpa.open-in-view is enabled by default. Therefore, database queries may be performed during view rendering. Explicitly configure spring.jpa.open-in-view to disable this warning
Initializing ExecutorService 'applicationTaskExecutor'
Starting ProtocolHandler ["http-nio-8889"]
Tomcat started on port(s): 8889 (http) with context path '/sell'
Started SellApplication in 4.502 seconds (JVM running for 6.28)
Initializing Spring DispatcherServlet 'dispatcherServlet'
Initializing Servlet 'dispatcherServlet'
Completed initialization in 31 ms
Starting SellApplication on DESKTOP-3FTN8A9 with PID 14848 (C:\Users\w1586\IdeaProjects\sell\target\classes started by w1586 in C:\Users\w1586\IdeaProjects\sell)
No active profile set, falling back to default profiles: default
No MyBatis mapper was found in '[com.imooc.sell]' package. Please check your configuration.
Bootstrapping Spring Data JPA repositories in DEFAULT mode.
Finished Spring Data repository scanning in 100ms. Found 4 JPA repository interfaces.
Bean 'org.springframework.transaction.annotation.ProxyTransactionManagementConfiguration' of type [org.springframework.transaction.annotation.ProxyTransactionManagementConfiguration] is not eligible for getting processed by all BeanPostProcessors (for example: not eligible for auto-proxying)
Tomcat initialized with port(s): 8889 (http)
Initializing ProtocolHandler ["http-nio-8889"]
Starting service [Tomcat]
Starting Servlet engine: [Apache Tomcat/9.0.30]
Loaded APR based Apache Tomcat Native library [1.2.23] using APR version [1.7.0].
APR capabilities: IPv6 [true], sendfile [true], accept filters [false], random [true].
APR/OpenSSL configuration: useAprConnector [false], useOpenSSL [true]
OpenSSL successfully initialized [OpenSSL 1.1.1c  28 May 2019]
Initializing Spring embedded WebApplicationContext
Root WebApplicationContext: initialization completed in 2292 ms
HikariPool-1 - Starting...
HikariPool-1 - Start completed.
HHH000204: Processing PersistenceUnitInfo [name: default]
HHH000412: Hibernate Core {5.4.10.Final}
HCANN000001: Hibernate Commons Annotations {5.1.0.Final}
HHH000400: Using dialect: org.hibernate.dialect.MySQL57Dialect
HHH000490: Using JtaPlatform implementation: [org.hibernate.engine.transaction.jta.platform.internal.NoJtaPlatform]
Initialized JPA EntityManagerFactory for persistence unit 'default'
spring.jpa.open-in-view is enabled by default. Therefore, database queries may be performed during view rendering. Explicitly configure spring.jpa.open-in-view to disable this warning
Initializing ExecutorService 'applicationTaskExecutor'
Starting ProtocolHandler ["http-nio-8889"]
Tomcat started on port(s): 8889 (http) with context path '/sell'
Started SellApplication in 6.145 seconds (JVM running for 8.116)
Initializing Spring DispatcherServlet 'dispatcherServlet'
Initializing Servlet 'dispatcherServlet'
Completed initialization in 10 ms
HikariPool-1 - Thread starvation or clock leap detected (housekeeper delta=1m34s58ms193µs).
Shutting down ExecutorService 'applicationTaskExecutor'
Closing JPA EntityManagerFactory for persistence unit 'default'
HikariPool-1 - Shutdown initiated...
HikariPool-1 - Shutdown completed.
HikariPool-1 - Failed to validate connection com.mysql.jdbc.JDBC4Connection@248f26a7 (No operations allowed after connection closed.). Possibly consider using a shorter maxLifetime value.
SQL Error: 0, SQLState: null
Failed to perform cleanup of multipart items
java.lang.NullPointerException: null
	at org.apache.catalina.connector.Request.parseParts(Request.java:2792)
	at org.apache.catalina.connector.Request.getParts(Request.java:2769)
	at org.apache.catalina.connector.RequestFacade.getParts(RequestFacade.java:1098)
	at javax.servlet.http.HttpServletRequestWrapper.getParts(HttpServletRequestWrapper.java:359)
	at org.springframework.web.multipart.support.StandardServletMultipartResolver.cleanupMultipart(StandardServletMultipartResolver.java:97)
	at org.springframework.web.servlet.DispatcherServlet.cleanupMultipart(DispatcherServlet.java:1219)
	at org.springframework.web.servlet.DispatcherServlet.doDispatch(DispatcherServlet.java:1076)
	at org.springframework.web.servlet.DispatcherServlet.doService(DispatcherServlet.java:943)
	at org.springframework.web.servlet.FrameworkServlet.processRequest(FrameworkServlet.java:1006)
	at org.springframework.web.servlet.FrameworkServlet.doPost(FrameworkServlet.java:909)
	at javax.servlet.http.HttpServlet.service(HttpServlet.java:660)
	at org.springframework.web.servlet.FrameworkServlet.service(FrameworkServlet.java:883)
	at javax.servlet.http.HttpServlet.service(HttpServlet.java:741)
	at org.apache.catalina.core.ApplicationFilterChain.internalDoFilter(ApplicationFilterChain.java:231)
	at org.apache.catalina.core.ApplicationFilterChain.doFilter(ApplicationFilterChain.java:166)
	at org.apache.tomcat.websocket.server.WsFilter.doFilter(WsFilter.java:53)
	at org.apache.catalina.core.ApplicationFilterChain.internalDoFilter(ApplicationFilterChain.java:193)
	at org.apache.catalina.core.ApplicationFilterChain.doFilter(ApplicationFilterChain.java:166)
	at org.springframework.web.filter.RequestContextFilter.doFilterInternal(RequestContextFilter.java:100)
	at org.springframework.web.filter.OncePerRequestFilter.doFilter(OncePerRequestFilter.java:119)
	at org.apache.catalina.core.ApplicationFilterChain.internalDoFilter(ApplicationFilterChain.java:193)
	at org.apache.catalina.core.ApplicationFilterChain.doFilter(ApplicationFilterChain.java:166)
	at org.springframework.web.filter.FormContentFilter.doFilterInternal(FormContentFilter.java:93)
	at org.springframework.web.filter.OncePerRequestFilter.doFilter(OncePerRequestFilter.java:119)
	at org.apache.catalina.core.ApplicationFilterChain.internalDoFilter(ApplicationFilterChain.java:193)
	at org.apache.catalina.core.ApplicationFilterChain.doFilter(ApplicationFilterChain.java:166)
	at org.springframework.web.filter.CharacterEncodingFilter.doFilterInternal(CharacterEncodingFilter.java:201)
	at org.springframework.web.filter.OncePerRequestFilter.doFilter(OncePerRequestFilter.java:119)
	at org.apache.catalina.core.ApplicationFilterChain.internalDoFilter(ApplicationFilterChain.java:193)
	at org.apache.catalina.core.ApplicationFilterChain.doFilter(ApplicationFilterChain.java:166)
	at org.apache.catalina.core.StandardWrapperValve.invoke(StandardWrapperValve.java:202)
	at org.apache.catalina.core.StandardContextValve.invoke(StandardContextValve.java:96)
	at org.apache.catalina.authenticator.AuthenticatorBase.invoke(AuthenticatorBase.java:541)
	at org.apache.catalina.core.StandardHostValve.invoke(StandardHostValve.java:139)
	at org.apache.catalina.valves.ErrorReportValve.invoke(ErrorReportValve.java:92)
	at org.apache.catalina.core.StandardEngineValve.invoke(StandardEngineValve.java:74)
	at org.apache.catalina.connector.CoyoteAdapter.service(CoyoteAdapter.java:343)
	at org.apache.coyote.http11.Http11Processor.service(Http11Processor.java:367)
	at org.apache.coyote.AbstractProcessorLight.process(AbstractProcessorLight.java:65)
	at org.apache.coyote.AbstractProtocol$ConnectionHandler.process(AbstractProtocol.java:860)
	at org.apache.tomcat.util.net.NioEndpoint$SocketProcessor.doRun(NioEndpoint.java:1598)
	at org.apache.tomcat.util.net.SocketProcessorBase.run(SocketProcessorBase.java:49)
	at java.util.concurrent.ThreadPoolExecutor.runWorker(ThreadPoolExecutor.java:1149)
	at java.util.concurrent.ThreadPoolExecutor$Worker.run(ThreadPoolExecutor.java:624)
	at org.apache.tomcat.util.threads.TaskThread$WrappingRunnable.run(TaskThread.java:61)
	at java.lang.Thread.run(Thread.java:748)
Starting SellApplication on DESKTOP-3FTN8A9 with PID 9532 (C:\Users\w1586\IdeaProjects\sell\target\classes started by w1586 in C:\Users\w1586\IdeaProjects\sell)
No active profile set, falling back to default profiles: default
No MyBatis mapper was found in '[com.imooc.sell]' package. Please check your configuration.
Bootstrapping Spring Data JPA repositories in DEFAULT mode.
Finished Spring Data repository scanning in 71ms. Found 4 JPA repository interfaces.
Bean 'org.springframework.transaction.annotation.ProxyTransactionManagementConfiguration' of type [org.springframework.transaction.annotation.ProxyTransactionManagementConfiguration] is not eligible for getting processed by all BeanPostProcessors (for example: not eligible for auto-proxying)
Tomcat initialized with port(s): 8889 (http)
Initializing ProtocolHandler ["http-nio-8889"]
Starting service [Tomcat]
Starting Servlet engine: [Apache Tomcat/9.0.30]
Loaded APR based Apache Tomcat Native library [1.2.23] using APR version [1.7.0].
APR capabilities: IPv6 [true], sendfile [true], accept filters [false], random [true].
APR/OpenSSL configuration: useAprConnector [false], useOpenSSL [true]
OpenSSL successfully initialized [OpenSSL 1.1.1c  28 May 2019]
Initializing Spring embedded WebApplicationContext
Root WebApplicationContext: initialization completed in 1417 ms
HikariPool-1 - Starting...
HikariPool-1 - Start completed.
HHH000204: Processing PersistenceUnitInfo [name: default]
HHH000412: Hibernate Core {5.4.10.Final}
HCANN000001: Hibernate Commons Annotations {5.1.0.Final}
HHH000400: Using dialect: org.hibernate.dialect.MySQL57Dialect
HHH000490: Using JtaPlatform implementation: [org.hibernate.engine.transaction.jta.platform.internal.NoJtaPlatform]
Initialized JPA EntityManagerFactory for persistence unit 'default'
spring.jpa.open-in-view is enabled by default. Therefore, database queries may be performed during view rendering. Explicitly configure spring.jpa.open-in-view to disable this warning
Initializing ExecutorService 'applicationTaskExecutor'
Starting ProtocolHandler ["http-nio-8889"]
Tomcat started on port(s): 8889 (http) with context path '/sell'
Started SellApplication in 4.08 seconds (JVM running for 5.682)
Initializing Spring DispatcherServlet 'dispatcherServlet'
Initializing Servlet 'dispatcherServlet'
Completed initialization in 7 ms
Starting SellApplication on DESKTOP-3FTN8A9 with PID 16604 (C:\Users\w1586\IdeaProjects\sell\target\classes started by w1586 in C:\Users\w1586\IdeaProjects\sell)
No active profile set, falling back to default profiles: default
No MyBatis mapper was found in '[com.imooc.sell]' package. Please check your configuration.
Bootstrapping Spring Data JPA repositories in DEFAULT mode.
Finished Spring Data repository scanning in 80ms. Found 4 JPA repository interfaces.
Bean 'org.springframework.transaction.annotation.ProxyTransactionManagementConfiguration' of type [org.springframework.transaction.annotation.ProxyTransactionManagementConfiguration] is not eligible for getting processed by all BeanPostProcessors (for example: not eligible for auto-proxying)
Tomcat initialized with port(s): 8889 (http)
Initializing ProtocolHandler ["http-nio-8889"]
Starting service [Tomcat]
Starting Servlet engine: [Apache Tomcat/9.0.30]
Loaded APR based Apache Tomcat Native library [1.2.23] using APR version [1.7.0].
APR capabilities: IPv6 [true], sendfile [true], accept filters [false], random [true].
APR/OpenSSL configuration: useAprConnector [false], useOpenSSL [true]
OpenSSL successfully initialized [OpenSSL 1.1.1c  28 May 2019]
Initializing Spring embedded WebApplicationContext
Root WebApplicationContext: initialization completed in 1534 ms
HikariPool-1 - Starting...
HikariPool-1 - Start completed.
HHH000204: Processing PersistenceUnitInfo [name: default]
HHH000412: Hibernate Core {5.4.10.Final}
HCANN000001: Hibernate Commons Annotations {5.1.0.Final}
HHH000400: Using dialect: org.hibernate.dialect.MySQL57Dialect
HHH000490: Using JtaPlatform implementation: [org.hibernate.engine.transaction.jta.platform.internal.NoJtaPlatform]
Initialized JPA EntityManagerFactory for persistence unit 'default'
spring.jpa.open-in-view is enabled by default. Therefore, database queries may be performed during view rendering. Explicitly configure spring.jpa.open-in-view to disable this warning
Initializing ExecutorService 'applicationTaskExecutor'
Starting ProtocolHandler ["http-nio-8889"]
Tomcat started on port(s): 8889 (http) with context path '/sell'
Started SellApplication in 4.439 seconds (JVM running for 6.331)
Initializing Spring DispatcherServlet 'dispatcherServlet'
Initializing Servlet 'dispatcherServlet'
Completed initialization in 8 ms
Starting SellApplication on DESKTOP-3FTN8A9 with PID 17684 (C:\Users\w1586\IdeaProjects\sell\target\classes started by w1586 in C:\Users\w1586\IdeaProjects\sell)
No active profile set, falling back to default profiles: default
No MyBatis mapper was found in '[com.imooc.sell]' package. Please check your configuration.
Bootstrapping Spring Data JPA repositories in DEFAULT mode.
Finished Spring Data repository scanning in 140ms. Found 4 JPA repository interfaces.
Bean 'org.springframework.transaction.annotation.ProxyTransactionManagementConfiguration' of type [org.springframework.transaction.annotation.ProxyTransactionManagementConfiguration] is not eligible for getting processed by all BeanPostProcessors (for example: not eligible for auto-proxying)
Tomcat initialized with port(s): 8889 (http)
Initializing ProtocolHandler ["http-nio-8889"]
Starting service [Tomcat]
Starting Servlet engine: [Apache Tomcat/9.0.30]
Loaded APR based Apache Tomcat Native library [1.2.23] using APR version [1.7.0].
APR capabilities: IPv6 [true], sendfile [true], accept filters [false], random [true].
APR/OpenSSL configuration: useAprConnector [false], useOpenSSL [true]
OpenSSL successfully initialized [OpenSSL 1.1.1c  28 May 2019]
Initializing Spring embedded WebApplicationContext
Root WebApplicationContext: initialization completed in 1797 ms
HikariPool-1 - Starting...
HikariPool-1 - Start completed.
HHH000204: Processing PersistenceUnitInfo [name: default]
HHH000412: Hibernate Core {5.4.10.Final}
HCANN000001: Hibernate Commons Annotations {5.1.0.Final}
HHH000400: Using dialect: org.hibernate.dialect.MySQL57Dialect
HHH000490: Using JtaPlatform implementation: [org.hibernate.engine.transaction.jta.platform.internal.NoJtaPlatform]
Initialized JPA EntityManagerFactory for persistence unit 'default'
spring.jpa.open-in-view is enabled by default. Therefore, database queries may be performed during view rendering. Explicitly configure spring.jpa.open-in-view to disable this warning
Initializing ExecutorService 'applicationTaskExecutor'
Starting ProtocolHandler ["http-nio-8889"]
Tomcat started on port(s): 8889 (http) with context path '/sell'
Started SellApplication in 4.708 seconds (JVM running for 6.409)
Initializing Spring DispatcherServlet 'dispatcherServlet'
Initializing Servlet 'dispatcherServlet'
Completed initialization in 11 ms
Starting SellApplication on DESKTOP-3FTN8A9 with PID 4368 (C:\Users\w1586\IdeaProjects\sell\target\classes started by w1586 in C:\Users\w1586\IdeaProjects\sell)
No active profile set, falling back to default profiles: default
No MyBatis mapper was found in '[com.imooc.sell]' package. Please check your configuration.
Bootstrapping Spring Data JPA repositories in DEFAULT mode.
Finished Spring Data repository scanning in 78ms. Found 4 JPA repository interfaces.
Bean 'org.springframework.transaction.annotation.ProxyTransactionManagementConfiguration' of type [org.springframework.transaction.annotation.ProxyTransactionManagementConfiguration] is not eligible for getting processed by all BeanPostProcessors (for example: not eligible for auto-proxying)
Tomcat initialized with port(s): 8889 (http)
Initializing ProtocolHandler ["http-nio-8889"]
Starting service [Tomcat]
Starting Servlet engine: [Apache Tomcat/9.0.30]
Loaded APR based Apache Tomcat Native library [1.2.23] using APR version [1.7.0].
APR capabilities: IPv6 [true], sendfile [true], accept filters [false], random [true].
APR/OpenSSL configuration: useAprConnector [false], useOpenSSL [true]
OpenSSL successfully initialized [OpenSSL 1.1.1c  28 May 2019]
Initializing Spring embedded WebApplicationContext
Root WebApplicationContext: initialization completed in 1419 ms
HikariPool-1 - Starting...
HikariPool-1 - Start completed.
HHH000204: Processing PersistenceUnitInfo [name: default]
HHH000412: Hibernate Core {5.4.10.Final}
HCANN000001: Hibernate Commons Annotations {5.1.0.Final}
HHH000400: Using dialect: org.hibernate.dialect.MySQL57Dialect
HHH000490: Using JtaPlatform implementation: [org.hibernate.engine.transaction.jta.platform.internal.NoJtaPlatform]
Initialized JPA EntityManagerFactory for persistence unit 'default'
spring.jpa.open-in-view is enabled by default. Therefore, database queries may be performed during view rendering. Explicitly configure spring.jpa.open-in-view to disable this warning
Initializing ExecutorService 'applicationTaskExecutor'
Starting ProtocolHandler ["http-nio-8889"]
Tomcat started on port(s): 8889 (http) with context path '/sell'
Started SellApplication in 4.262 seconds (JVM running for 5.953)
Initializing Spring DispatcherServlet 'dispatcherServlet'
Initializing Servlet 'dispatcherServlet'
Completed initialization in 9 ms
Starting SellApplication on DESKTOP-3FTN8A9 with PID 9920 (C:\Users\w1586\IdeaProjects\sell\target\classes started by w1586 in C:\Users\w1586\IdeaProjects\sell)
No active profile set, falling back to default profiles: default
No MyBatis mapper was found in '[com.imooc.sell]' package. Please check your configuration.
Bootstrapping Spring Data JPA repositories in DEFAULT mode.
Finished Spring Data repository scanning in 90ms. Found 4 JPA repository interfaces.
Bean 'org.springframework.transaction.annotation.ProxyTransactionManagementConfiguration' of type [org.springframework.transaction.annotation.ProxyTransactionManagementConfiguration] is not eligible for getting processed by all BeanPostProcessors (for example: not eligible for auto-proxying)
Tomcat initialized with port(s): 8889 (http)
Initializing ProtocolHandler ["http-nio-8889"]
Starting service [Tomcat]
Starting Servlet engine: [Apache Tomcat/9.0.30]
Loaded APR based Apache Tomcat Native library [1.2.23] using APR version [1.7.0].
APR capabilities: IPv6 [true], sendfile [true], accept filters [false], random [true].
APR/OpenSSL configuration: useAprConnector [false], useOpenSSL [true]
OpenSSL successfully initialized [OpenSSL 1.1.1c  28 May 2019]
Initializing Spring embedded WebApplicationContext
Root WebApplicationContext: initialization completed in 1761 ms
HikariPool-1 - Starting...
HikariPool-1 - Start completed.
HHH000204: Processing PersistenceUnitInfo [name: default]
HHH000412: Hibernate Core {5.4.10.Final}
HCANN000001: Hibernate Commons Annotations {5.1.0.Final}
HHH000400: Using dialect: org.hibernate.dialect.MySQL57Dialect
HHH000490: Using JtaPlatform implementation: [org.hibernate.engine.transaction.jta.platform.internal.NoJtaPlatform]
Initialized JPA EntityManagerFactory for persistence unit 'default'
spring.jpa.open-in-view is enabled by default. Therefore, database queries may be performed during view rendering. Explicitly configure spring.jpa.open-in-view to disable this warning
Initializing ExecutorService 'applicationTaskExecutor'
Starting ProtocolHandler ["http-nio-8889"]
Tomcat started on port(s): 8889 (http) with context path '/sell'
Started SellApplication in 4.862 seconds (JVM running for 6.675)
Initializing Spring DispatcherServlet 'dispatcherServlet'
Initializing Servlet 'dispatcherServlet'
Completed initialization in 13 ms
Starting SellApplication on DESKTOP-3FTN8A9 with PID 14612 (C:\Users\w1586\IdeaProjects\sell\target\classes started by w1586 in C:\Users\w1586\IdeaProjects\sell)
No active profile set, falling back to default profiles: default
No MyBatis mapper was found in '[com.imooc.sell]' package. Please check your configuration.
Bootstrapping Spring Data JPA repositories in DEFAULT mode.
Finished Spring Data repository scanning in 118ms. Found 4 JPA repository interfaces.
Bean 'org.springframework.transaction.annotation.ProxyTransactionManagementConfiguration' of type [org.springframework.transaction.annotation.ProxyTransactionManagementConfiguration] is not eligible for getting processed by all BeanPostProcessors (for example: not eligible for auto-proxying)
Tomcat initialized with port(s): 8889 (http)
Initializing ProtocolHandler ["http-nio-8889"]
Starting service [Tomcat]
Starting Servlet engine: [Apache Tomcat/9.0.30]
Loaded APR based Apache Tomcat Native library [1.2.23] using APR version [1.7.0].
APR capabilities: IPv6 [true], sendfile [true], accept filters [false], random [true].
APR/OpenSSL configuration: useAprConnector [false], useOpenSSL [true]
OpenSSL successfully initialized [OpenSSL 1.1.1c  28 May 2019]
Initializing Spring embedded WebApplicationContext
Root WebApplicationContext: initialization completed in 2185 ms
HikariPool-1 - Starting...
HikariPool-1 - Start completed.
HHH000204: Processing PersistenceUnitInfo [name: default]
HHH000412: Hibernate Core {5.4.10.Final}
HCANN000001: Hibernate Commons Annotations {5.1.0.Final}
HHH000400: Using dialect: org.hibernate.dialect.MySQL57Dialect
HHH000490: Using JtaPlatform implementation: [org.hibernate.engine.transaction.jta.platform.internal.NoJtaPlatform]
Initialized JPA EntityManagerFactory for persistence unit 'default'
spring.jpa.open-in-view is enabled by default. Therefore, database queries may be performed during view rendering. Explicitly configure spring.jpa.open-in-view to disable this warning
Initializing ExecutorService 'applicationTaskExecutor'
Starting ProtocolHandler ["http-nio-8889"]
Tomcat started on port(s): 8889 (http) with context path '/sell'
Started SellApplication in 5.766 seconds (JVM running for 7.719)
Initializing Spring DispatcherServlet 'dispatcherServlet'
Initializing Servlet 'dispatcherServlet'
Completed initialization in 7 ms
Resolved [org.springframework.web.bind.MissingServletRequestParameterException: Required String parameter 'openid' is not present]
Resolved [org.springframework.web.bind.MissingServletRequestParameterException: Required String parameter 'openid' is not present]
Resolved [org.springframework.web.bind.MissingServletRequestParameterException: Required String parameter 'openid' is not present]
Starting SellApplication on DESKTOP-3FTN8A9 with PID 16616 (C:\Users\w1586\IdeaProjects\sell\target\classes started by w1586 in C:\Users\w1586\IdeaProjects\sell)
No active profile set, falling back to default profiles: default
No MyBatis mapper was found in '[com.imooc.sell]' package. Please check your configuration.
Bootstrapping Spring Data JPA repositories in DEFAULT mode.
Finished Spring Data repository scanning in 92ms. Found 4 JPA repository interfaces.
Bean 'org.springframework.transaction.annotation.ProxyTransactionManagementConfiguration' of type [org.springframework.transaction.annotation.ProxyTransactionManagementConfiguration] is not eligible for getting processed by all BeanPostProcessors (for example: not eligible for auto-proxying)
Tomcat initialized with port(s): 8889 (http)
Initializing ProtocolHandler ["http-nio-8889"]
Starting service [Tomcat]
Starting Servlet engine: [Apache Tomcat/9.0.30]
Loaded APR based Apache Tomcat Native library [1.2.23] using APR version [1.7.0].
APR capabilities: IPv6 [true], sendfile [true], accept filters [false], random [true].
APR/OpenSSL configuration: useAprConnector [false], useOpenSSL [true]
OpenSSL successfully initialized [OpenSSL 1.1.1c  28 May 2019]
Initializing Spring embedded WebApplicationContext
Root WebApplicationContext: initialization completed in 1793 ms
HikariPool-1 - Starting...
HikariPool-1 - Start completed.
HHH000204: Processing PersistenceUnitInfo [name: default]
HHH000412: Hibernate Core {5.4.10.Final}
HCANN000001: Hibernate Commons Annotations {5.1.0.Final}
HHH000400: Using dialect: org.hibernate.dialect.MySQL57Dialect
HHH000490: Using JtaPlatform implementation: [org.hibernate.engine.transaction.jta.platform.internal.NoJtaPlatform]
Initialized JPA EntityManagerFactory for persistence unit 'default'
spring.jpa.open-in-view is enabled by default. Therefore, database queries may be performed during view rendering. Explicitly configure spring.jpa.open-in-view to disable this warning
Initializing ExecutorService 'applicationTaskExecutor'
Starting ProtocolHandler ["http-nio-8889"]
Tomcat started on port(s): 8889 (http) with context path '/sell'
Started SellApplication in 4.907 seconds (JVM running for 6.986)
Initializing Spring DispatcherServlet 'dispatcherServlet'
Initializing Servlet 'dispatcherServlet'
Completed initialization in 8 ms
Starting SellApplication on DESKTOP-3FTN8A9 with PID 18316 (C:\Users\w1586\IdeaProjects\sell\target\classes started by w1586 in C:\Users\w1586\IdeaProjects\sell)
No active profile set, falling back to default profiles: default
No MyBatis mapper was found in '[com.imooc.sell]' package. Please check your configuration.
Bootstrapping Spring Data JPA repositories in DEFAULT mode.
Finished Spring Data repository scanning in 102ms. Found 4 JPA repository interfaces.
Bean 'org.springframework.transaction.annotation.ProxyTransactionManagementConfiguration' of type [org.springframework.transaction.annotation.ProxyTransactionManagementConfiguration] is not eligible for getting processed by all BeanPostProcessors (for example: not eligible for auto-proxying)
Tomcat initialized with port(s): 8889 (http)
Initializing ProtocolHandler ["http-nio-8889"]
Starting service [Tomcat]
Starting Servlet engine: [Apache Tomcat/9.0.30]
Loaded APR based Apache Tomcat Native library [1.2.23] using APR version [1.7.0].
APR capabilities: IPv6 [true], sendfile [true], accept filters [false], random [true].
APR/OpenSSL configuration: useAprConnector [false], useOpenSSL [true]
OpenSSL successfully initialized [OpenSSL 1.1.1c  28 May 2019]
Initializing Spring embedded WebApplicationContext
Root WebApplicationContext: initialization completed in 1976 ms
HikariPool-1 - Starting...
HikariPool-1 - Start completed.
HHH000204: Processing PersistenceUnitInfo [name: default]
HHH000412: Hibernate Core {5.4.10.Final}
HCANN000001: Hibernate Commons Annotations {5.1.0.Final}
HHH000400: Using dialect: org.hibernate.dialect.MySQL57Dialect
HHH000490: Using JtaPlatform implementation: [org.hibernate.engine.transaction.jta.platform.internal.NoJtaPlatform]
Initialized JPA EntityManagerFactory for persistence unit 'default'
spring.jpa.open-in-view is enabled by default. Therefore, database queries may be performed during view rendering. Explicitly configure spring.jpa.open-in-view to disable this warning
Initializing ExecutorService 'applicationTaskExecutor'
Starting ProtocolHandler ["http-nio-8889"]
Tomcat started on port(s): 8889 (http) with context path '/sell'
Started SellApplication in 4.832 seconds (JVM running for 6.563)
Initializing Spring DispatcherServlet 'dispatcherServlet'
Initializing Servlet 'dispatcherServlet'
Completed initialization in 10 ms
Resolved [org.springframework.web.bind.MissingServletRequestParameterException: Required String parameter 'orderId' is not present]
Starting SellApplication on DESKTOP-3FTN8A9 with PID 17876 (C:\Users\w1586\IdeaProjects\sell\target\classes started by w1586 in C:\Users\w1586\IdeaProjects\sell)
No active profile set, falling back to default profiles: default
No MyBatis mapper was found in '[com.imooc.sell]' package. Please check your configuration.
Bootstrapping Spring Data JPA repositories in DEFAULT mode.
Finished Spring Data repository scanning in 106ms. Found 4 JPA repository interfaces.
Bean 'org.springframework.transaction.annotation.ProxyTransactionManagementConfiguration' of type [org.springframework.transaction.annotation.ProxyTransactionManagementConfiguration] is not eligible for getting processed by all BeanPostProcessors (for example: not eligible for auto-proxying)
Tomcat initialized with port(s): 8889 (http)
Initializing ProtocolHandler ["http-nio-8889"]
Starting service [Tomcat]
Starting Servlet engine: [Apache Tomcat/9.0.30]
Loaded APR based Apache Tomcat Native library [1.2.23] using APR version [1.7.0].
APR capabilities: IPv6 [true], sendfile [true], accept filters [false], random [true].
APR/OpenSSL configuration: useAprConnector [false], useOpenSSL [true]
OpenSSL successfully initialized [OpenSSL 1.1.1c  28 May 2019]
Initializing Spring embedded WebApplicationContext
Root WebApplicationContext: initialization completed in 1678 ms
HikariPool-1 - Starting...
HikariPool-1 - Start completed.
HHH000204: Processing PersistenceUnitInfo [name: default]
HHH000412: Hibernate Core {5.4.10.Final}
HCANN000001: Hibernate Commons Annotations {5.1.0.Final}
HHH000400: Using dialect: org.hibernate.dialect.MySQL57Dialect
HHH000490: Using JtaPlatform implementation: [org.hibernate.engine.transaction.jta.platform.internal.NoJtaPlatform]
Initialized JPA EntityManagerFactory for persistence unit 'default'
spring.jpa.open-in-view is enabled by default. Therefore, database queries may be performed during view rendering. Explicitly configure spring.jpa.open-in-view to disable this warning
Initializing ExecutorService 'applicationTaskExecutor'
Starting ProtocolHandler ["http-nio-8889"]
Tomcat started on port(s): 8889 (http) with context path '/sell'
Started SellApplication in 4.753 seconds (JVM running for 6.466)
Initializing Spring DispatcherServlet 'dispatcherServlet'
Initializing Servlet 'dispatcherServlet'
Completed initialization in 10 ms
